#
# A fatal error has been detected by the Java Runtime Environment:
#
#  SIGSEGV (0xb) at pc=0x76e16e64, pid=19189, tid=1982973024
#
# JRE version: Java(TM) SE Runtime Environment (8.0_65-b17) (build 1.8.0_65-b17)
# Java VM: Java HotSpot(TM) Client VM (25.65-b01 mixed mode linux-arm )
# Problematic frame:
# C
[error occurred during error reporting (printing problematic frame), id 0xb]

# Failed to write core dump. Core dumps have been disabled. To enable core dumping, try "ulimit -c unlimited" before starting Java again
#
# If you would like to submit a bug report, please visit:
#   http://bugreport.java.com/bugreport/crash.jsp
#

---------------  T H R E A D  ---------------

Current thread is native thread

siginfo: si_signo: 11 (SIGSEGV), si_code: 2 (SEGV_ACCERR), si_addr: 0x7631d000

Registers:
  r0  = 0x7631b9a4
  r1  = 0x7631cfff
  r2  = 0x7631cfff
  r3  = 0x00000030
  r4  = 0x76289834
  r5  = 0x00000020
  r6  = 0x00000000
  r7  = 0x00000000
  r8  = 0x7631bb44
  r9  = 0x6656d2f8
  r10 = 0x76107000
  fp  = 0x7631baac
  r12 = 0x00000000
  sp  = 0x7631b918
  lr  = 0x762791cc
  pc  = 0x76e16e64
  cpsr = 0x20000010

Top of Stack: (sp=0x7631b918)
0x7631b918:   7631ba70 76806098 00000006 00000020
0x7631b928:   00000000 00000000 00000000 00000000
0x7631b938:   00000000 00000000 00000000 00000000
0x7631b948:   00000000 00000000 00000000 00000000
0x7631b958:   00000000 00000000 00000000 00000000
0x7631b968:   00000000 00000000 00000000 00000000
0x7631b978:   00000000 00000000 00000000 00000000
0x7631b988:   00000000 00000000 00000000 00000000 

Instructions: (pc=0x76e16e64)
0x76e16e44:   e1a02003 e1a03002 e4d3c001 e35c0000
0x76e16e54:   1afffffa e2422001 e4d13001 e3530000
0x76e16e64:   e5e23001 1afffffb e12fff1e e5d02000
0x76e16e74:   e6ef1071 e2003007 e263300f e1520001 

Register to memory mapping:

  r0  = 0x7631b9a4
0x7631b9a4 is pointing into the stack for thread: 0x76107000

  r1  = 0x7631cfff
0x7631cfff is pointing into the stack for thread: 0x76107000

  r2  = 0x7631cfff
0x7631cfff is pointing into the stack for thread: 0x76107000

  r3  = 0x00000030
0x00000030 is an unknown value

  r4  = 0x76289834
0x76289834: <offset 0x11834> in /home/pi/jni/can/libcan.so at 0x76278000

  r5  = 0x00000020
0x00000020 is an unknown value

  r6  = 0x00000000
0x00000000 is an unknown value

  r7  = 0x00000000
0x00000000 is an unknown value

  r8  = 0x7631bb44
0x7631bb44 is pointing into the stack for thread: 0x76107000

  r9  = 0x6656d2f8
{method} {0x6656d2f8} 'read_port' '()V' in 'Can'

  r10 = 0x76107000
0x76107000 is a thread

  fp  = 0x7631baac
0x7631baac is pointing into the stack for thread: 0x76107000

  r12 = 0x00000000
0x00000000 is an unknown value

  sp  = 0x7631b918
0x7631b918 is pointing into the stack for thread: 0x76107000

  lr  = 0x762791cc
0x762791cc: can_read_port+0x248 in /home/pi/jni/can/libcan.so at 0x76278000

  pc  = 0x76e16e64
0x76e16e64: strcat+0x28 in /lib/arm-linux-gnueabihf/libc.so.6 at 0x76d9f000



Stack: 