#
# A fatal error has been detected by the Java Runtime Environment:
#
#  SIGSEGV (0xb) at pc=0x76e465dc, pid=19449, tid=1983181920
#
# JRE version: Java(TM) SE Runtime Environment (8.0_65-b17) (build 1.8.0_65-b17)
# Java VM: Java HotSpot(TM) Client VM (25.65-b01 mixed mode linux-arm )
# Problematic frame:
# C  [libc.so.6+0x745dc]  cfree+0x90
#
# Failed to write core dump. Core dumps have been disabled. To enable core dumping, try "ulimit -c unlimited" before starting Java again
#
# If you would like to submit a bug report, please visit:
#   http://bugreport.java.com/bugreport/crash.jsp
# The crash happened outside the Java Virtual Machine in native code.
# See problematic frame for where to report the bug.
#

---------------  T H R E A D  ---------------

Current thread (0x76107000):  JavaThread "main" [_thread_in_native, id=19450, stack(0x76300000,0x76350000)]

siginfo: si_signo: 11 (SIGSEGV), si_code: 2 (SEGV_ACCERR), si_addr: 0x76300000

Registers:
  r0  = 0x76f0f4d4
  r1  = 0x7634ea64
  r2  = 0x00000000
  r3  = 0x76300000
  r4  = 0x762bc87c
  r5  = 0x00000020
  r6  = 0x00000000
  r7  = 0x00000000
  r8  = 0x7634eb44
  r9  = 0x665912f8
  r10 = 0x76107000
  fp  = 0x7634eaac
  r12 = 0x76e4654c
  sp  = 0x7634e910
  lr  = 0x762ac208
  pc  = 0x76e465dc
  cpsr = 0x20000010

Top of Stack: (sp=0x7634e910)
0x7634e910:   7634ea6c 762ac208 7634ea70 76839098
0x7634e920:   00000006 00000020 00000000 00000000
0x7634e930:   00000000 00000000 00000000 00000000
0x7634e940:   00000000 00000000 00000000 00000000
0x7634e950:   00000000 00000000 00000000 00000000
0x7634e960:   00000000 00000000 00000000 00000000
0x7634e970:   00000000 00000000 00000000 00000000
0x7634e980:   00000000 00000000 00000000 00000000 

Instructions: (pc=0x76e465dc)
0x76e465bc:   e8bd4008 eaffed7e e3130004 11a03a21
0x76e465cc:   e59f002c 11a03a03 e08f0000 e3a02000
0x76e465dc:   15930000 e8bd4008 eaffef71 e1a0100e
0x76e465ec:   e12fff33 e8bd8008 000c8aa0 000000f0 

Register to memory mapping:

  r0  = 0x76f0f4d4
0x76f0f4d4: <offset 0x13d4d4> in /lib/arm-linux-gnueabihf/libc.so.6 at 0x76dd2000

  r1  = 0x7634ea64
0x7634ea64 is pointing into the stack for thread: 0x76107000

  r2  = 0x00000000
0x00000000 is an unknown value

  r3  = 0x76300000
0x76300000 is an unknown value

  r4  = 0x762bc87c
0x762bc87c: <offset 0x1187c> in /home/pi/jni/can/libcan.so at 0x762ab000

  r5  = 0x00000020
0x00000020 is an unknown value

  r6  = 0x00000000
0x00000000 is an unknown value

  r7  = 0x00000000
0x00000000 is an unknown value

  r8  = 0x7634eb44
0x7634eb44 is pointing into the stack for thread: 0x76107000

  r9  = 0x665912f8
{method} {0x665912f8} 'read_port' '()V' in 'Can'

  r10 = 0x76107000
0x76107000 is a thread

  fp  = 0x7634eaac
0x7634eaac is pointing into the stack for thread: 0x76107000

  r12 = 0x76e4654c
0x76e4654c: cfree+0 in /lib/arm-linux-gnueabihf/libc.so.6 at 0x76dd2000

  sp  = 0x7634e910
0x7634e910 is pointing into the stack for thread: 0x76107000

  lr  = 0x762ac208
0x762ac208: can_read_port+0x254 in /home/pi/jni/can/libcan.so at 0x762ab000

  pc  = 0x76e465dc
0x76e465dc: cfree+0x90 in /lib/arm-linux-gnueabihf/libc.so.6 at 0x76dd2000



Stack: [0x76300000,0x76350000],  sp=0x7634e910,  free space=314k
Native frames: (J=compiled Java code, j=interpreted, Vv=VM code, C=native code)
C  [libc.so.6+0x745dc]  cfree+0x90

Java frames: (J=compiled Java code, j=interpreted, Vv=VM code)
j  Can.read_port()V+0
j  Can.main([Ljava/lang/String;)V+16
v  ~StubRoutines::call_stub

---------------  P R O C E S S  ---------------

Java Threads: ( => current thread )
  0x76182800 JavaThread "Service Thread" daemon [_thread_blocked, id=19456, stack(0x65e10000,0x65e60000)]
  0x7617f400 JavaThread "C1 CompilerThread0" daemon [_thread_blocked, id=19455, stack(0x65880000,0x65900000)]
  0x7617d800 JavaThread "Signal Dispatcher" daemon [_thread_blocked, id=19454, stack(0x65e60000,0x65eb0000)]
  0x76162000 JavaThread "Finalizer" daemon [_thread_blocked, id=19453, stack(0x65eb0000,0x65f00000)]
  0x76160800 JavaThread "Reference Handler" daemon [_thread_blocked, id=19452, stack(0x66019000,0x66069000)]
=>0x76107000 JavaThread "main" [_thread_in_native, id=19450, stack(0x76300000,0x76350000)]

Other Threads:
  0x7615d400 VMThread [stack: 0x66069000,0x660e9000] [id=19451]
  0x76184400 WatcherThread [stack: 0x65800000,0x65880000] [id=19457]

VM state:not at safepoint (normal execution)

VM Mutex/Monitor currently owned by a thread: None

Heap:
 def new generation   total 4352K, used 635K [0x66800000, 0x66ca0000, 0x6b000000)
  eden space 3968K,  16% used [0x66800000, 0x6689ee18, 0x66be0000)
  from space 384K,   0% used [0x66be0000, 0x66be0000, 0x66c40000)
  to   space 384K,   0% used [0x66c40000, 0x66c40000, 0x66ca0000)
 tenured generation   total 9600K, used 0K [0x6b000000, 0x6b960000, 0x74000000)
   the space 9600K,   0% used [0x6b000000, 0x6b000000, 0x6b000200, 0x6b960000)
 Metaspace       used 1674K, capacity 2202K, committed 2328K, reserved 4400K

Card table byte_map: [0x74013000,0x74080000] byte_map_base: 0x73cdf000

Polling page: 0x76fc0000

CodeCache: size=32768Kb used=631Kb max_used=631Kb free=32136Kb
 bounds [0x74100000, 0x741a0000, 0x76100000]
 total_blobs=148 nmethods=11 adapters=70
 compilation: enabled

Compilation events (10 events):
Event: 0.412 Thread 0x7617f400    7   !         java.io.BufferedReader::readLine (304 bytes)
Event: 0.421 Thread 0x7617f400 nmethod 7 0x741971c8 code [0x74197350, 0x7419813c]
Event: 0.421 Thread 0x7617f400    8             java.util.LinkedList::indexOf (73 bytes)
Event: 0.423 Thread 0x7617f400 nmethod 8 0x74198b88 code [0x74198c80, 0x74198e04]
Event: 0.431 Thread 0x7617f400    9             sun.nio.cs.UTF_8$Decoder::decodeArrayLoop (691 bytes)
Event: 0.481 Thread 0x7617f400 nmethod 9 0x74198f08 code [0x74199430, 0x7419a754]
Event: 0.481 Thread 0x7617f400   10             java.lang.String::lastIndexOf (52 bytes)
Event: 0.483 Thread 0x7617f400 nmethod 10 0x7419d808 code [0x7419d900, 0x7419da34]
Event: 0.483 Thread 0x7617f400   11             java.io.UnixFileSystem::normalize (75 bytes)
Event: 0.485 Thread 0x7617f400 nmethod 11 0x7419db08 code [0x7419dc20, 0x7419dddc]

GC Heap History (0 events):
No events

Deoptimization events (0 events):
No events

Internal exceptions (2 events):
Event: 0.151 Thread 0x76107000 Exception <a 'java/lang/NoSuchMethodError': Method sun.misc.Unsafe.defineClass(Ljava/lang/String;[BII)Ljava/lang/Class; name or signature does not match> (0x66810498) thrown at [/HUDSON/workspace/8-2-build-glinux-arm-vfp-hflt/jdk8u65/4987/hotspot/src/shar
Event: 0.152 Thread 0x76107000 Exception <a 'java/lang/NoSuchMethodError': Method sun.misc.Unsafe.prefetchRead(Ljava/lang/Object;J)V name or signature does not match> (0x66810768) thrown at [/HUDSON/workspace/8-2-build-glinux-arm-vfp-hflt/jdk8u65/4987/hotspot/src/share/vm/prims/jni.cpp

Events (10 events):
Event: 0.452 loading class java/security/BasicPermissionCollection
Event: 0.453 loading class java/security/BasicPermissionCollection done
Event: 0.456 loading class sun/launcher/LauncherHelper$FXHelper
Event: 0.456 loading class sun/launcher/LauncherHelper$FXHelper done
Event: 0.457 loading class java/lang/Class$MethodArray
Event: 0.457 loading class java/lang/Class$MethodArray done
Event: 0.459 loading class java/lang/Void
Event: 0.459 loading class java/lang/Void done
Event: 0.460 loading class java/lang/ClassLoaderHelper
Event: 0.461 loading class java/lang/ClassLoaderHelper done


Dynamic libraries:
00008000-00009000 r-xp 00000000 b3:07 1182101    /usr/lib/jvm/jdk-8-oracle-arm32-vfp-hflt/jre/bin/java
00010000-00011000 rw-p 00000000 b3:07 1182101    /usr/lib/jvm/jdk-8-oracle-arm32-vfp-hflt/jre/bin/java
01159000-0117a000 rw-p 00000000 00:00 0          [heap]
65324000-653e5000 r-xp 00000000 b3:07 916617     /usr/lib/arm-linux-gnueabihf/libstdc++.so.6.0.20
653e5000-653f4000 ---p 000c1000 b3:07 916617     /usr/lib/arm-linux-gnueabihf/libstdc++.so.6.0.20
653f4000-653f8000 r--p 000c0000 b3:07 916617     /usr/lib/arm-linux-gnueabihf/libstdc++.so.6.0.20
653f8000-653fa000 rw-p 000c4000 b3:07 916617     /usr/lib/arm-linux-gnueabihf/libstdc++.so.6.0.20
653fa000-65400000 rw-p 00000000 00:00 0 
65400000-65429000 rw-p 00000000 00:00 0 
65429000-65500000 ---p 00000000 00:00 0 
65500000-65521000 rw-p 00000000 00:00 0 
65521000-65600000 ---p 00000000 00:00 0 
6566b000-65700000 r--s 008bd000 b3:07 1067420    /usr/lib/jvm/jdk-8-oracle-arm32-vfp-hflt/jre/lib/ext/jfxrt.jar
65700000-6577d000 rw-p 00000000 00:00 0 
6577d000-65800000 ---p 00000000 00:00 0 
65800000-65801000 ---p 00000000 00:00 0 
65801000-65880000 rwxp 00000000 00:00 0 
65880000-65883000 ---p 00000000 00:00 0 
65883000-65900000 rwxp 00000000 00:00 0 
65900000-65921000 rw-p 00000000 00:00 0 
65921000-65a00000 ---p 00000000 00:00 0 
65a77000-65c00000 r--p 00000000 b3:07 915856     /usr/lib/locale/locale-archive
65c00000-65c21000 rw-p 00000000 00:00 0 
65c21000-65d00000 ---p 00000000 00:00 0 
65d00000-65d21000 rw-p 00000000 00:00 0 
65d21000-65e00000 ---p 00000000 00:00 0 
65e10000-65e13000 ---p 00000000 00:00 0 
65e13000-65e60000 rwxp 00000000 00:00 0 
65e60000-65e63000 ---p 00000000 00:00 0 
65e63000-65eb0000 rwxp 00000000 00:00 0 
65eb0000-65eb3000 ---p 00000000 00:00 0 
65eb3000-65f00000 rwxp 00000000 00:00 0 
65f00000-65f21000 rw-p 00000000 00:00 0 
65f21000-66000000 ---p 00000000 00:00 0 
66019000-6601c000 ---p 00000000 00:00 0 
6601c000-66069000 rwxp 00000000 00:00 0 
66069000-6606a000 ---p 00000000 00:00 0 
6606a000-660e9000 rwxp 00000000 00:00 0 
660e9000-66138000 rw-p 00000000 00:00 0 
66138000-66310000 r--s 03d20000 b3:07 1182074    /usr/lib/jvm/jdk-8-oracle-arm32-vfp-hflt/jre/lib/rt.jar
66310000-665b1000 rw-p 00000000 00:00 0 
665b1000-667b7000 ---p 00000000 00:00 0 
667b7000-667bc000 rw-p 00000000 00:00 0 
667bc000-66800000 ---p 00000000 00:00 0 
66800000-66ca0000 rw-p 00000000 00:00 0 
66ca0000-6b000000 ---p 00000000 00:00 0 
6b000000-6b960000 rw-p 00000000 00:00 0 
6b960000-74000000 ---p 00000000 00:00 0 
74013000-74016000 rw-p 00000000 00:00 0 
74016000-74037000 ---p 00000000 00:00 0 
74037000-7403c000 rw-p 00000000 00:00 0 
7403c000-7407f000 ---p 00000000 00:00 0 
7407f000-74083000 rw-p 00000000 00:00 0 
74083000-74100000 ---p 00000000 00:00 0 
74100000-741a0000 rwxp 00000000 00:00 0 
741a0000-76100000 ---p 00000000 00:00 0 
76100000-761ff000 rw-p 00000000 00:00 0 
761ff000-76200000 ---p 00000000 00:00 0 
76215000-7622c000 r-xp 00000000 b3:07 1182022    /usr/lib/jvm/jdk-8-oracle-arm32-vfp-hflt/jre/lib/arm/libzip.so
7622c000-76233000 ---p 00017000 b3:07 1182022    /usr/lib/jvm/jdk-8-oracle-arm32-vfp-hflt/jre/lib/arm/libzip.so
76233000-76234000 rw-p 00016000 b3:07 1182022    /usr/lib/jvm/jdk-8-oracle-arm32-vfp-hflt/jre/lib/arm/libzip.so
76234000-7623f000 r-xp 00000000 b3:07 791909     /lib/arm-linux-gnueabihf/libnss_files-2.19.so
7623f000-7624e000 ---p 0000b000 b3:07 791909     /lib/arm-linux-gnueabihf/libnss_files-2.19.so
7624e000-7624f000 r--p 0000a000 b3:07 791909     /lib/arm-linux-gnueabihf/libnss_files-2.19.so
7624f000-76250000 rw-p 0000b000 b3:07 791909     /lib/arm-linux-gnueabihf/libnss_files-2.19.so
76250000-76259000 r-xp 00000000 b3:07 791911     /lib/arm-linux-gnueabihf/libnss_nis-2.19.so
76259000-76268000 ---p 00009000 b3:07 791911     /lib/arm-linux-gnueabihf/libnss_nis-2.19.so
76268000-76269000 r--p 00008000 b3:07 791911     /lib/arm-linux-gnueabihf/libnss_nis-2.19.so
76269000-7626a000 rw-p 00009000 b3:07 791911     /lib/arm-linux-gnueabihf/libnss_nis-2.19.so
7626a000-7627b000 r-xp 00000000 b3:07 791906     /lib/arm-linux-gnueabihf/libnsl-2.19.so
7627b000-7628a000 ---p 00011000 b3:07 791906     /lib/arm-linux-gnueabihf/libnsl-2.19.so
7628a000-7628b000 r--p 00010000 b3:07 791906     /lib/arm-linux-gnueabihf/libnsl-2.19.so
7628b000-7628c000 rw-p 00011000 b3:07 791906     /lib/arm-linux-gnueabihf/libnsl-2.19.so
7628c000-7628e000 rw-p 00000000 00:00 0 
7628e000-76295000 r-xp 00000000 b3:07 791907     /lib/arm-linux-gnueabihf/libnss_compat-2.19.so
76295000-762a4000 ---p 00007000 b3:07 791907     /lib/arm-linux-gnueabihf/libnss_compat-2.19.so
762a4000-762a5000 r--p 00006000 b3:07 791907     /lib/arm-linux-gnueabihf/libnss_compat-2.19.so
762a5000-762a6000 rw-p 00007000 b3:07 791907     /lib/arm-linux-gnueabihf/libnss_compat-2.19.so
762ab000-762ad000 r-xp 00000000 b3:07 1064969    /home/pi/jni/can/libcan.so
762ad000-762bc000 ---p 00002000 b3:07 1064969    /home/pi/jni/can/libcan.so
762bc000-762bd000 rw-p 00001000 b3:07 1064969    /home/pi/jni/can/libcan.so
762bd000-762e0000 r-xp 00000000 b3:07 1182039    /usr/lib/jvm/jdk-8-oracle-arm32-vfp-hflt/jre/lib/arm/libjava.so
762e0000-762e8000 ---p 00023000 b3:07 1182039    /usr/lib/jvm/jdk-8-oracle-arm32-vfp-hflt/jre/lib/arm/libjava.so
762e8000-762e9000 rw-p 00023000 b3:07 1182039    /usr/lib/jvm/jdk-8-oracle-arm32-vfp-hflt/jre/lib/arm/libjava.so
762e9000-762ef000 r-xp 00000000 b3:07 791915     /lib/arm-linux-gnueabihf/librt-2.19.so
762ef000-762fe000 ---p 00006000 b3:07 791915     /lib/arm-linux-gnueabihf/librt-2.19.so
762fe000-762ff000 r--p 00005000 b3:07 791915     /lib/arm-linux-gnueabihf/librt-2.19.so
762ff000-76300000 rw-p 00006000 b3:07 791915     /lib/arm-linux-gnueabihf/librt-2.19.so
76300000-76301000 rw-p 00000000 00:00 0 
76301000-76303000 ---p 00000000 00:00 0 
76303000-76350000 rwxp 00000000 00:00 0 
76350000-763b9000 r-xp 00000000 b3:07 788181     /lib/arm-linux-gnueabihf/libm-2.19.so
763b9000-763c9000 ---p 00069000 b3:07 788181     /lib/arm-linux-gnueabihf/libm-2.19.so
763c9000-763ca000 r--p 00069000 b3:07 788181     /lib/arm-linux-gnueabihf/libm-2.19.so
763ca000-763cb000 rw-p 0006a000 b3:07 788181     /lib/arm-linux-gnueabihf/libm-2.19.so
763cb000-7694e000 r-xp 00000000 b3:07 1182070    /usr/lib/jvm/jdk-8-oracle-arm32-vfp-hflt/jre/lib/arm/client/libjvm.so
7694e000-76956000 ---p 00583000 b3:07 1182070    /usr/lib/jvm/jdk-8-oracle-arm32-vfp-hflt/jre/lib/arm/client/libjvm.so
76956000-76982000 rw-p 00583000 b3:07 1182070    /usr/lib/jvm/jdk-8-oracle-arm32-vfp-hflt/jre/lib/arm/client/libjvm.so
76982000-76da5000 rw-p 00000000 00:00 0 
76da5000-76dc2000 r-xp 00000000 b3:07 783564     /lib/arm-linux-gnueabihf/libgcc_s.so.1
76dc2000-76dd1000 ---p 0001d000 b3:07 783564     /lib/arm-linux-gnueabihf/libgcc_s.so.1
76dd1000-76dd2000 rw-p 0001c000 b3:07 783564     /lib/arm-linux-gnueabihf/libgcc_s.so.1
76dd2000-76efd000 r-xp 00000000 b3:07 786313     /lib/arm-linux-gnueabihf/libc-2.19.so
76efd000-76f0d000 ---p 0012b000 b3:07 786313     /lib/arm-linux-gnueabihf/libc-2.19.so
76f0d000-76f0f000 r--p 0012b000 b3:07 786313     /lib/arm-linux-gnueabihf/libc-2.19.so
76f0f000-76f10000 rw-p 0012d000 b3:07 786313     /lib/arm-linux-gnueabihf/libc-2.19.so
76f10000-76f13000 rw-p 00000000 00:00 0 
76f13000-76f15000 r-xp 00000000 b3:07 788180     /lib/arm-linux-gnueabihf/libdl-2.19.so
76f15000-76f24000 ---p 00002000 b3:07 788180     /lib/arm-linux-gnueabihf/libdl-2.19.so
76f24000-76f25000 r--p 00001000 b3:07 788180     /lib/arm-linux-gnueabihf/libdl-2.19.so
76f25000-76f26000 rw-p 00002000 b3:07 788180     /lib/arm-linux-gnueabihf/libdl-2.19.so
76f26000-76f3a000 r-xp 00000000 b3:07 1182036    /usr/lib/jvm/jdk-8-oracle-arm32-vfp-hflt/jre/lib/arm/jli/libjli.so
76f3a000-76f42000 ---p 00014000 b3:07 1182036    /usr/lib/jvm/jdk-8-oracle-arm32-vfp-hflt/jre/lib/arm/jli/libjli.so
76f42000-76f43000 rw-p 00014000 b3:07 1182036    /usr/lib/jvm/jdk-8-oracle-arm32-vfp-hflt/jre/lib/arm/jli/libjli.so
76f43000-76f57000 r-xp 00000000 b3:07 791919     /lib/arm-linux-gnueabihf/libpthread-2.19.so
76f57000-76f67000 ---p 00014000 b3:07 791919     /lib/arm-linux-gnueabihf/libpthread-2.19.so
76f67000-76f68000 r--p 00014000 b3:07 791919     /lib/arm-linux-gnueabihf/libpthread-2.19.so
76f68000-76f69000 rw-p 00015000 b3:07 791919     /lib/arm-linux-gnueabihf/libpthread-2.19.so
76f69000-76f6b000 rw-p 00000000 00:00 0 
76f70000-76f79000 r-xp 00000000 b3:07 1182024    /usr/lib/jvm/jdk-8-oracle-arm32-vfp-hflt/jre/lib/arm/libverify.so
76f79000-76f81000 ---p 00009000 b3:07 1182024    /usr/lib/jvm/jdk-8-oracle-arm32-vfp-hflt/jre/lib/arm/libverify.so
76f81000-76f82000 rw-p 00009000 b3:07 1182024    /usr/lib/jvm/jdk-8-oracle-arm32-vfp-hflt/jre/lib/arm/libverify.so
76f82000-76f87000 r-xp 00000000 b3:07 915489     /usr/lib/arm-linux-gnueabihf/libarmmem.so
76f87000-76f96000 ---p 00005000 b3:07 915489     /usr/lib/arm-linux-gnueabihf/libarmmem.so
76f96000-76f97000 rw-p 00004000 b3:07 915489     /usr/lib/arm-linux-gnueabihf/libarmmem.so
76f97000-76fb7000 r-xp 00000000 b3:07 784394     /lib/arm-linux-gnueabihf/ld-2.19.so
76fb7000-76fb8000 rw-p 00000000 00:00 0 
76fb8000-76fc0000 rw-s 00000000 b3:07 921859     /tmp/hsperfdata_pi/19449
76fc0000-76fc1000 r--p 00000000 00:00 0 
76fc1000-76fc4000 rw-p 00000000 00:00 0 
76fc4000-76fc6000 rw-p 00000000 00:00 0 
76fc6000-76fc7000 r--p 0001f000 b3:07 784394     /lib/arm-linux-gnueabihf/ld-2.19.so
76fc7000-76fc8000 rw-p 00020000 b3:07 784394     /lib/arm-linux-gnueabihf/ld-2.19.so
7ea2c000-7ea4d000 rwxp 00000000 00:00 0          [stack]
7eb3d000-7eb3e000 r-xp 00000000 00:00 0          [sigpage]
7eb3e000-7eb3f000 r--p 00000000 00:00 0          [vvar]
7eb3f000-7eb40000 r-xp 00000000 00:00 0          [vdso]
ffff0000-ffff1000 r-xp 00000000 00:00 0          [vectors]

VM Arguments:
jvm_args: -Djava.library.path=. 
java_command: Can
java_class_path (initial): .
Launcher Type: SUN_STANDARD

Environment Variables:
JAVA_HOME=/usr/lib/jvm/jdk1.8.0_121
PATH=/usr/local/sbin:/usr/local/bin:/usr/sbin:/usr/bin:/sbin:/bin:/usr/local/games:/usr/games
SHELL=/bin/bash

Signal Handlers:
SIGSEGV: [libjvm.so+0x506638], sa_mask[0]=11111111011111111101111111111110, sa_flags=SA_RESTART|SA_SIGINFO
SIGBUS: [libjvm.so+0x506638], sa_mask[0]=11111111011111111101111111111110, sa_flags=SA_RESTART|SA_SIGINFO
SIGFPE: [libjvm.so+0x3fd4ec], sa_mask[0]=11111111011111111101111111111110, sa_flags=SA_RESTART|SA_SIGINFO
SIGPIPE: [libjvm.so+0x3fd4ec], sa_mask[0]=11111111011111111101111111111110, sa_flags=SA_RESTART|SA_SIGINFO
SIGXFSZ: [libjvm.so+0x3fd4ec], sa_mask[0]=11111111011111111101111111111110, sa_flags=SA_RESTART|SA_SIGINFO
SIGILL: [libjvm.so+0x3fd4ec], sa_mask[0]=11111111011111111101111111111110, sa_flags=SA_RESTART|SA_SIGINFO
SIGUSR1: SIG_DFL, sa_mask[0]=00000000000000000000000000000000, sa_flags=none
SIGUSR2: [libjvm.so+0x3fd650], sa_mask[0]=00000000000000000000000000000000, sa_flags=SA_RESTART|SA_SIGINFO
SIGHUP: [libjvm.so+0x3fda84], sa_mask[0]=11111111011111111101111111111110, sa_flags=SA_RESTART|SA_SIGINFO
SIGINT: [libjvm.so+0x3fda84], sa_mask[0]=11111111011111111101111111111110, sa_flags=SA_RESTART|SA_SIGINFO
SIGTERM: [libjvm.so+0x3fda84], sa_mask[0]=11111111011111111101111111111110, sa_flags=SA_RESTART|SA_SIGINFO
SIGQUIT: [libjvm.so+0x3fda84], sa_mask[0]=11111111011111111101111111111110, sa_flags=SA_RESTART|SA_SIGINFO


---------------  S Y S T E M  ---------------

OS:PRETTY_NAME="Raspbian GNU/Linux 8 (jessie)"
NAME="Raspbian GNU/Linux"
VERSION_ID="8"
VERSION="8 (jessie)"
ID=raspbian
ID_LIKE=debian
HOME_URL="http://www.raspbian.org/"
SUPPORT_URL="http://www.raspbian.org/RaspbianForums"
BUG_REPORT_URL="http://www.raspbian.org/RaspbianBugs"

uname:Linux 4.4.26-v7+ #915 SMP Thu Oct 20 17:08:44 BST 2016 armv7l
libc:glibc 2.19 NPTL 2.19 
rlimit: STACK 8192k, CORE 0k, NPROC 6829, NOFILE 65536, AS infinity
load average:3.01 2.63 2.42

/proc/meminfo:
MemTotal:         882780 kB
MemFree:          280084 kB
MemAvailable:     653624 kB
Buffers:           94388 kB
Cached:           323636 kB
SwapCached:            0 kB
Active:           396536 kB
Inactive:         159488 kB
Active(anon):     138520 kB
Inactive(anon):    12912 kB
Active(file):     258016 kB
Inactive(file):   146576 kB
Unevictable:           0 kB
Mlocked:               0 kB
SwapTotal:        102396 kB
SwapFree:         102396 kB
Dirty:               180 kB
Writeback:             0 kB
AnonPages:        138012 kB
Mapped:            76716 kB
Shmem:             13420 kB
Slab:              30208 kB
SReclaimable:      19812 kB
SUnreclaim:        10396 kB
KernelStack:        1792 kB
PageTables:         2996 kB
NFS_Unstable:          0 kB
Bounce:                0 kB
WritebackTmp:          0 kB
CommitLimit:      543784 kB
Committed_AS:     761668 kB
VmallocTotal:    1179648 kB
VmallocUsed:           0 kB
VmallocChunk:          0 kB
CmaTotal:           8192 kB
CmaFree:            3728 kB


CPU:total 4 (ARMv7), vfp

/proc/cpuinfo:
processor	: 0
model name	: ARMv7 Processor rev 4 (v7l)
BogoMIPS	: 76.80
Features	: half thumb fastmult vfp edsp neon vfpv3 tls vfpv4 idiva idivt vfpd32 lpae evtstrm crc32 
CPU implementer	: 0x41
CPU architecture: 7
CPU variant	: 0x0
CPU part	: 0xd03
CPU revision	: 4

processor	: 1
model name	: ARMv7 Processor rev 4 (v7l)
BogoMIPS	: 76.80
Features	: half thumb fastmult vfp edsp neon vfpv3 tls vfpv4 idiva idivt vfpd32 lpae evtstrm crc32 
CPU implementer	: 0x41
CPU architecture: 7
CPU variant	: 0x0
CPU part	: 0xd03
CPU revision	: 4

processor	: 2
model name	: ARMv7 Processor rev 4 (v7l)
BogoMIPS	: 76.80
Features	: half thumb fastmult vfp edsp neon vfpv3 tls vfpv4 idiva idivt vfpd32 lpae evtstrm crc32 
CPU implementer	: 0x41
CPU architecture: 7
CPU variant	: 0x0
CPU part	: 0xd03
CPU revision	: 4

processor	: 3
model name	: ARMv7 Processor rev 4 (v7l)
BogoMIPS	: 76.80
Features	: half thumb fastmult vfp edsp neon vfpv3 tls vfpv4 idiva idivt vfpd32 lpae evtstrm crc32 
CPU implementer	: 0x41
CPU architecture: 7
CPU variant	: 0x0
CPU part	: 0xd03
CPU revision	: 4

Hardware	: BCM2709
Revision	: a02082
Serial		: 0000000011ca3b9d


Memory: 4k page, physical 882780k(280084k free), swap 102396k(102396k free)

vm_info: Java HotSpot(TM) Client VM (25.65-b01) for linux-arm-vfp-hflt JRE (1.8.0_65-b17), built on Oct  6 2015 16:19:04 by "java_re" with gcc 4.7.2 20120910 (prerelease)

time: Thu Apr 20 14:26:40 2017
elapsed time: 0 seconds (0d 0h 0m 0s)

